\BOOKMARK [0][]{chapter.1}{\376\377\0001\000\040\000\040\176\352\000\040\213\272}{}% 1
\BOOKMARK [1][]{section.1.1}{\376\377\0001\000.\0001\000\040\170\024\172\166\200\314\146\157}{chapter.1}% 2
\BOOKMARK [1][]{section.1.2}{\376\377\0001\000.\0002\000\040\170\024\172\166\151\202\121\265}{chapter.1}% 3
\BOOKMARK [1][]{section.1.3}{\376\377\0001\000.\0003\000\040\147\054\145\207\166\204\135\345\117\134\150\106\147\266}{chapter.1}% 4
\BOOKMARK [0][]{chapter.2}{\376\377\0002\000\040\000\040\121\161\116\253\123\125\217\146\121\372\210\114\162\171\137\201\116\016\137\161\124\315\126\340\175\040\122\006\147\220}{}% 5
\BOOKMARK [1][]{section.2.1}{\376\377\0002\000.\0001\000\040\123\125\217\146\117\177\165\050\140\073\117\123\140\305\121\265}{chapter.2}% 6
\BOOKMARK [1][]{section.2.2}{\376\377\0002\000.\0002\000\040\121\161\116\253\123\125\217\146\172\172\225\364\122\006\136\003}{chapter.2}% 7
\BOOKMARK [1][]{section.2.3}{\376\377\0002\000.\0003\000\040\227\000\154\102\226\217\145\366\225\364\123\330\123\026\211\304\137\213}{chapter.2}% 8
\BOOKMARK [1][]{section.2.4}{\376\377\0002\000.\0004\000\040\145\260\122\240\127\141\131\051\154\024\140\305\121\265}{chapter.2}% 9
\BOOKMARK [0][]{chapter.3}{\376\377\0003\000\040\000\040\227\000\154\102\230\204\155\113}{}% 10
\BOOKMARK [1][]{section.3.1}{\376\377\0003\000.\0001\000\040\176\277\140\047\126\336\137\122}{chapter.3}% 11
\BOOKMARK [1][]{section.3.2}{\376\377\0003\000.\0002\000\040\136\177\116\111\176\277\140\047\126\336\137\122\377\010\000G\000L\000M\377\011}{chapter.3}% 12
\BOOKMARK [1][]{section.3.3}{\376\377\0003\000.\0003\000\040\122\006\174\173\173\227\154\325}{chapter.3}% 13
\BOOKMARK [1][]{section.3.4}{\376\377\0003\000.\0004\000\040\123\125\217\146\227\000\154\102\230\204\155\113}{chapter.3}% 14
\BOOKMARK [2][]{subsection.3.4.1}{\376\377\0003\000.\0004\000.\0001\000\040\145\160\143\156\121\306\131\007}{section.3.4}% 15
\BOOKMARK [2][]{subsection.3.4.2}{\376\377\0003\000.\0004\000.\0002\000\040\174\173\154\312\147\176\126\336\137\122}{section.3.4}% 16
\BOOKMARK [2][]{subsection.3.4.3}{\376\377\0003\000.\0004\000.\0003\000\040\000K\000N\000N}{section.3.4}% 17
\BOOKMARK [2][]{subsection.3.4.4}{\376\377\0003\000.\0004\000.\0004\000\040\145\271\154\325\153\324\217\203}{section.3.4}% 18
\BOOKMARK [0][]{chapter.4}{\376\377\0004\000\040\000\040\214\003\136\246\152\041\127\213\136\372\172\313}{}% 19
\BOOKMARK [1][]{section.4.1}{\376\377\0004\000.\0001\000\040\225\356\230\230\226\020\217\360}{chapter.4}% 20
\BOOKMARK [1][]{section.4.2}{\376\377\0004\000.\0002\000\040\225\356\230\230\142\275\214\141\116\016\136\372\152\041}{chapter.4}% 21
\BOOKMARK [0][]{chapter.5}{\376\377\0005\000\040\000\040\176\323\147\234\122\006\147\220}{}% 22
\BOOKMARK [1][]{section.5.1}{\376\377\0005\000.\0001\000\040\170\024\172\166\123\072\127\337\220\011\123\326}{chapter.5}% 23
\BOOKMARK [1][]{section.5.2}{\376\377\0005\000.\0002\000\040\133\236\117\213\124\214\176\323\147\234}{chapter.5}% 24
\BOOKMARK [1][]{section.5.3}{\376\377\0005\000.\0003\000\040\127\372\147\054\133\236\117\213\377\032\214\003\136\246\210\114\116\072\122\006\147\220}{chapter.5}% 25
\BOOKMARK [2][]{subsection.5.3.1}{\376\377\0005\000.\0003\000.\0001\000\040\145\117\141\037\140\047\122\006\147\220}{section.5.3}% 26
\BOOKMARK [2][]{subsection.5.3.2}{\376\377\0005\000.\0003\000.\0002\000\040\177\121\176\334\211\304\152\041\145\117\141\037\140\047\122\006\147\220}{section.5.3}% 27
\BOOKMARK [2][]{subsection.5.3.3}{\376\377\0005\000.\0003\000.\0003\000\040\214\003\136\246\142\020\147\054\145\117\141\037\140\047\122\006\147\220}{section.5.3}% 28
\BOOKMARK [2][]{subsection.5.3.4}{\376\377\0005\000.\0003\000.\0004\000\040\133\232\116\367\145\117\141\037\140\047\122\006\147\220}{section.5.3}% 29
\BOOKMARK [2][]{subsection.5.3.5}{\376\377\0005\000.\0003\000.\0005\000\040\152\041\127\213\136\366\165\063\377\032\130\236\122\240\172\331\160\271\133\271\221\317\166\204\226\120\122\066\166\204\121\161\116\253\123\125\217\146\174\373\176\337}{section.5.3}% 30
\BOOKMARK [0][]{chapter.6}{\376\377\0006\000\040\000\040\140\073\176\323\116\016\213\250\213\272}{}% 31
\BOOKMARK [0][]{Item.45}{\376\377\123\302\200\003\145\207\163\056}{}% 32
\BOOKMARK [0][]{chapter*.41}{\376\377\201\364\000\040\214\042}{}% 33
